Replace Part C? CAP_4.7uF_0603 in C:\Users\ayesh\Documents\GitHub\NixieTubeClock\Nixie Clock\MCU.SchDoc with CAP_4.7uF_0603 from Schlib_Nixie.SchLib
Replace Part C? CAP_0.1uF_50V_0603 in C:\Users\ayesh\Documents\GitHub\NixieTubeClock\Nixie Clock\MCU.SchDoc with CAP_0.1uF_50V_0603 from Schlib_Nixie.SchLib
Replace Part C? CAP_0.1uF_50V_0603 in C:\Users\ayesh\Documents\GitHub\NixieTubeClock\Nixie Clock\MCU.SchDoc with CAP_0.1uF_50V_0603 from Schlib_Nixie.SchLib
Replace Part C? CAP_0.1uF_50V_0603 in C:\Users\ayesh\Documents\GitHub\NixieTubeClock\Nixie Clock\MCU.SchDoc with CAP_0.1uF_50V_0603 from Schlib_Nixie.SchLib
Replace Part C? CAP_0.1uF_50V_0603 in C:\Users\ayesh\Documents\GitHub\NixieTubeClock\Nixie Clock\MCU.SchDoc with CAP_0.1uF_50V_0603 from Schlib_Nixie.SchLib
Replace Part C? CAP_10nF_0603 in C:\Users\ayesh\Documents\GitHub\NixieTubeClock\Nixie Clock\MCU.SchDoc with CAP_10nF_0603 from Schlib_Nixie.SchLib
Replace Part C? CAP_1uF_16V_0603 in C:\Users\ayesh\Documents\GitHub\NixieTubeClock\Nixie Clock\MCU.SchDoc with CAP_1uF_16V_0603 from Schlib_Nixie.SchLib
Replace Part C? CAP_0.1uF_50V_0603 in C:\Users\ayesh\Documents\GitHub\NixieTubeClock\Nixie Clock\MCU.SchDoc with CAP_0.1uF_50V_0603 from Schlib_Nixie.SchLib
Replace Part C? CAP_0.1uF_50V_0603 in C:\Users\ayesh\Documents\GitHub\NixieTubeClock\Nixie Clock\MCU.SchDoc with CAP_0.1uF_50V_0603 from Schlib_Nixie.SchLib
Replace Part C? CAP_0.1uF_50V_0603 in C:\Users\ayesh\Documents\GitHub\NixieTubeClock\Nixie Clock\MCU.SchDoc with CAP_0.1uF_50V_0603 from Schlib_Nixie.SchLib
Replace Part C? CAP_4.7uF_0603 in C:\Users\ayesh\Documents\GitHub\NixieTubeClock\Nixie Clock\MCU.SchDoc with CAP_4.7uF_0603 from Schlib_Nixie.SchLib
Replace Part C? CAP_10uF_50V_1206 in C:\Users\ayesh\Documents\GitHub\NixieTubeClock\Nixie Clock\MCU.SchDoc with CAP_10uF_50V_1206 from Schlib_Nixie.SchLib
Replace Part C? CAP_10uF_50V_1206 in C:\Users\ayesh\Documents\GitHub\NixieTubeClock\Nixie Clock\MCU.SchDoc with CAP_10uF_50V_1206 from Schlib_Nixie.SchLib
Replace Part C? CAP_14pF_50V_0603 in C:\Users\ayesh\Documents\GitHub\NixieTubeClock\Nixie Clock\MCU.SchDoc with CAP_14pF_50V_0603 from Schlib_Nixie.SchLib
Replace Part C? CAP_0.1uF_50V_0603 in C:\Users\ayesh\Documents\GitHub\NixieTubeClock\Nixie Clock\MCU.SchDoc with CAP_0.1uF_50V_0603 from Schlib_Nixie.SchLib
Replace Part C? CAP_14pF_50V_0603 in C:\Users\ayesh\Documents\GitHub\NixieTubeClock\Nixie Clock\MCU.SchDoc with CAP_14pF_50V_0603 from Schlib_Nixie.SchLib
Replace Part C? CAP_0.1uF_50V_0603 in C:\Users\ayesh\Documents\GitHub\NixieTubeClock\Nixie Clock\MCU.SchDoc with CAP_0.1uF_50V_0603 from Schlib_Nixie.SchLib
Replace Part D? DIO_LED_G in C:\Users\ayesh\Documents\GitHub\NixieTubeClock\Nixie Clock\MCU.SchDoc with DIO_LED_G from Schlib_Nixie.SchLib
Replace Part J? HEADER 4X2 in C:\Users\ayesh\Documents\GitHub\NixieTubeClock\Nixie Clock\MCU.SchDoc with HEADER 4X2 from Schlib_Nixie.SchLib
Replace Part J? CON_2M_SM_RA in C:\Users\ayesh\Documents\GitHub\NixieTubeClock\Nixie Clock\MCU.SchDoc with CON_2M_SM_RA from Schlib_Nixie.SchLib
Replace Part R? RES_100O_0603 in C:\Users\ayesh\Documents\GitHub\NixieTubeClock\Nixie Clock\MCU.SchDoc with RES_100O_0603 from Schlib_Nixie.SchLib
Replace Part R? RES_10K_0603 in C:\Users\ayesh\Documents\GitHub\NixieTubeClock\Nixie Clock\MCU.SchDoc with RES_10K_0603 from Schlib_Nixie.SchLib
Replace Part S? SW_PWR in C:\Users\ayesh\Documents\GitHub\NixieTubeClock\Nixie Clock\MCU.SchDoc with SW_PWR from Schlib_Nixie.SchLib
Replace Part TP? TESTPOINT_LOOP in C:\Users\ayesh\Documents\GitHub\NixieTubeClock\Nixie Clock\MCU.SchDoc with TESTPOINT_LOOP from Schlib_Nixie.SchLib
Replace Part TP? TESTPOINT_LOOP in C:\Users\ayesh\Documents\GitHub\NixieTubeClock\Nixie Clock\MCU.SchDoc with TESTPOINT_LOOP from Schlib_Nixie.SchLib
Replace Part TP? TESTPOINT_LOOP in C:\Users\ayesh\Documents\GitHub\NixieTubeClock\Nixie Clock\MCU.SchDoc with TESTPOINT_LOOP from Schlib_Nixie.SchLib
Replace Part U* STM32F030K6T6TR in C:\Users\ayesh\Documents\GitHub\NixieTubeClock\Nixie Clock\MCU.SchDoc with STM32F030K6T6TR from Schlib_Nixie.SchLib
Replace Part U? LEVEL_SHIFTER in C:\Users\ayesh\Documents\GitHub\NixieTubeClock\Nixie Clock\MCU.SchDoc with LEVEL_SHIFTER from Schlib_Nixie.SchLib
Replace Part U? LEVEL_SHIFTER in C:\Users\ayesh\Documents\GitHub\NixieTubeClock\Nixie Clock\MCU.SchDoc with LEVEL_SHIFTER from Schlib_Nixie.SchLib
Replace Part VR? 12V0_3V3_LDO in C:\Users\ayesh\Documents\GitHub\NixieTubeClock\Nixie Clock\MCU.SchDoc with 12V0_3V3_LDO from Schlib_Nixie.SchLib
Replace Part Y* CRYSTAL_25MHZ in C:\Users\ayesh\Documents\GitHub\NixieTubeClock\Nixie Clock\MCU.SchDoc with CRYSTAL_25MHZ from Schlib_Nixie.SchLib
